
 2024. 02. 06. 8:49:22 Service Starting service
 2024. 02. 06. 8:49:23 Bus Became bus client

 2024. 02. 06. 8:49:23 Middleware::Response Success
 2024. 02. 06. 8:49:23 Service Initializing modules

------------------------------------------------------------------------------
----------------------------------AutoLogOut----------------------------------
------------------------------------------------------------------------------
 2024. 02. 06. 8:49:23 Client-Info Client Version: 0.13.0
 2024. 02. 06. 8:49:23 Client-Info Client OS:      Windows
 2024. 02. 06. 8:49:23 Client-Info Server Version: 1.5.10
 2024. 02. 06. 8:49:23 Bus::Client Connection established
 2024. 02. 06. 8:49:23 Middleware::Response Success
------------------------------------------------------------------------------


------------------------------------------------------------------------------
-----------------------------DefaultPrinterManager----------------------------
------------------------------------------------------------------------------
 2024. 02. 06. 8:49:24 Client-Info Client Version: 0.13.0
 2024. 02. 06. 8:49:24 Client-Info Client OS:      Windows
 2024. 02. 06. 8:49:24 Client-Info Server Version: 1.5.10
 2024. 02. 06. 8:49:24 Middleware::Response Success
------------------------------------------------------------------------------


------------------------------------------------------------------------------
--------------------------------DisplayManager--------------------------------
------------------------------------------------------------------------------
 2024. 02. 06. 8:49:24 Client-Info Client Version: 0.13.0
 2024. 02. 06. 8:49:24 Client-Info Client OS:      Windows
 2024. 02. 06. 8:49:24 Client-Info Server Version: 1.5.10
 2024. 02. 06. 8:49:24 Middleware::Response Success
 2024. 02. 06. 8:49:24 DisplayManager ERROR: Invalid settings provided
------------------------------------------------------------------------------

 2024. 02. 06. 8:49:24 Service Sleeping for 106 seconds
